This is pdfTeX, Version 3.1415926-2.4-1.40.13 (MiKTeX 2.9 64-bit) (preloaded format=pdflatex 2016.5.21)  24 JUL 2016 23:35
entering extended mode
**main.tex

("C:\Users\dalfarob\Documents\My Carrier Development\Master Degree\Tesis I\Prop
osal\main.tex"
LaTeX2e <2011/06/27>
Babel <v3.8m> and hyphenation patterns for english, afrikaans, ancientgreek, ar
abic, armenian, assamese, basque, bengali, bokmal, bulgarian, catalan, coptic, 
croatian, czech, danish, dutch, esperanto, estonian, farsi, finnish, french, ga
lician, german, german-x-2012-05-30, greek, gujarati, hindi, hungarian, iceland
ic, indonesian, interlingua, irish, italian, kannada, kurmanji, latin, latvian,
 lithuanian, malayalam, marathi, mongolian, mongolianlmc, monogreek, ngerman, n
german-x-2012-05-30, nynorsk, oriya, panjabi, pinyin, polish, portuguese, roman
ian, russian, sanskrit, serbian, slovak, slovenian, spanish, swedish, swissgerm
an, tamil, telugu, turkish, turkmen, ukenglish, ukrainian, uppersorbian, usengl
ishmax, welsh, loaded.

("C:\Users\dalfarob\Documents\My Carrier Development\Master Degree\Tesis I\Prop
osal\mitthesis.cls"
Document Class: mitthesis 1999/10/20
\vithesis=\count79
("C:\Program Files\MiKTeX 2.9\tex\latex\base\report.cls"
Document Class: report 2007/10/19 v1.4h Standard LaTeX document class
("C:\Program Files\MiKTeX 2.9\tex\latex\base\size12.clo"
File: size12.clo 2007/10/19 v1.4h Standard LaTeX file (size option)
)
\c@part=\count80
\c@chapter=\count81
\c@section=\count82
\c@subsection=\count83
\c@subsubsection=\count84
\c@paragraph=\count85
\c@subparagraph=\count86
\c@figure=\count87
\c@table=\count88
\abovecaptionskip=\skip41
\belowcaptionskip=\skip42
\bibindent=\dimen102
)
("C:\Program Files\MiKTeX 2.9\tex\latex\setspace\setspace.sty"
Package: setspace 2011/12/19 v6.7a set line spacing
)
("C:\Program Files\MiKTeX 2.9\tex\latex\ms\ragged2e.sty"
Package: ragged2e 2009/05/21 v2.1 ragged2e Package (MS)

("C:\Program Files\MiKTeX 2.9\tex\latex\ms\everysel.sty"
Package: everysel 2011/10/28 v1.2 EverySelectfont Package (MS)
)
\CenteringLeftskip=\skip43
\RaggedLeftLeftskip=\skip44
\RaggedRightLeftskip=\skip45
\CenteringRightskip=\skip46
\RaggedLeftRightskip=\skip47
\RaggedRightRightskip=\skip48
\CenteringParfillskip=\skip49
\RaggedLeftParfillskip=\skip50
\RaggedRightParfillskip=\skip51
\JustifyingParfillskip=\skip52
\CenteringParindent=\skip53
\RaggedLeftParindent=\skip54
\RaggedRightParindent=\skip55
\JustifyingParindent=\skip56
)
\@titlesupervisor=\box26
\@abstractsupervisor=\box27
\c@savepage=\count89
)
("C:\Program Files\MiKTeX 2.9\tex\latex\tocloft\tocloft.sty"
Package: tocloft 2013/05/02 v2.3f parameterised ToC, etc., typesetting
Package tocloft Info: The document has chapter divisions on input line 44.
\cftparskip=\skip57
\cftbeforetoctitleskip=\skip58
\cftaftertoctitleskip=\skip59
\cftbeforepartskip=\skip60
\cftpartnumwidth=\skip61
\cftpartindent=\skip62
\cftbeforechapskip=\skip63
\cftchapindent=\skip64
\cftchapnumwidth=\skip65
\cftbeforesecskip=\skip66
\cftsecindent=\skip67
\cftsecnumwidth=\skip68
\cftbeforesubsecskip=\skip69
\cftsubsecindent=\skip70
\cftsubsecnumwidth=\skip71
\cftbeforesubsubsecskip=\skip72
\cftsubsubsecindent=\skip73
\cftsubsubsecnumwidth=\skip74
\cftbeforeparaskip=\skip75
\cftparaindent=\skip76
\cftparanumwidth=\skip77
\cftbeforesubparaskip=\skip78
\cftsubparaindent=\skip79
\cftsubparanumwidth=\skip80
\cftbeforeloftitleskip=\skip81
\cftafterloftitleskip=\skip82
\cftbeforefigskip=\skip83
\cftfigindent=\skip84
\cftfignumwidth=\skip85
\c@lofdepth=\count90
\c@lotdepth=\count91
\cftbeforelottitleskip=\skip86
\cftafterlottitleskip=\skip87
\cftbeforetabskip=\skip88
\cfttabindent=\skip89
\cfttabnumwidth=\skip90
)
("C:\Program Files\MiKTeX 2.9\tex\latex\tocbibind\tocbibind.sty"
Package: tocbibind 2010/10/13 v1.5k extra ToC listings
Package tocbibind Info: The document has chapter divisions on input line 50.


Package tocbibind Note: Using chapter style headings, unless overridden.

) ("C:\Program Files\MiKTeX 2.9\tex\latex\amsfonts\amssymb.sty"
Package: amssymb 2013/01/14 v3.01 AMS font symbols

("C:\Program Files\MiKTeX 2.9\tex\latex\amsfonts\amsfonts.sty"
Package: amsfonts 2013/01/14 v3.01 Basic AMSFonts support
\@emptytoks=\toks14
\symAMSa=\mathgroup4
\symAMSb=\mathgroup5
LaTeX Font Info:    Overwriting math alphabet `\mathfrak' in version `bold'
(Font)                  U/euf/m/n --> U/euf/b/n on input line 106.
))
("C:\Program Files\MiKTeX 2.9\tex\latex\tools\indentfirst.sty"
Package: indentfirst 1995/11/23 v1.03 Indent first paragraph (DPC)
)
("C:\Program Files\MiKTeX 2.9\tex\latex\graphics\graphicx.sty"
Package: graphicx 1999/02/16 v1.0f Enhanced LaTeX Graphics (DPC,SPQR)

("C:\Program Files\MiKTeX 2.9\tex\latex\graphics\keyval.sty"
Package: keyval 1999/03/16 v1.13 key=value parser (DPC)
\KV@toks@=\toks15
)
("C:\Program Files\MiKTeX 2.9\tex\latex\graphics\graphics.sty"
Package: graphics 2009/02/05 v1.0o Standard LaTeX Graphics (DPC,SPQR)

("C:\Program Files\MiKTeX 2.9\tex\latex\graphics\trig.sty"
Package: trig 1999/03/16 v1.09 sin cos tan (DPC)
)
("C:\Program Files\MiKTeX 2.9\tex\latex\00miktex\graphics.cfg"
File: graphics.cfg 2007/01/18 v1.5 graphics configuration of teTeX/TeXLive
)
Package graphics Info: Driver file: pdftex.def on input line 91.

("C:\Program Files\MiKTeX 2.9\tex\latex\pdftex-def\pdftex.def"
File: pdftex.def 2011/05/27 v0.06d Graphics/color for pdfTeX

("C:\Program Files\MiKTeX 2.9\tex\generic\oberdiek\infwarerr.sty"
Package: infwarerr 2010/04/08 v1.3 Providing info/warning/error messages (HO)
)
("C:\Program Files\MiKTeX 2.9\tex\generic\oberdiek\ltxcmds.sty"
Package: ltxcmds 2011/11/09 v1.22 LaTeX kernel commands for general use (HO)
)
\Gread@gobject=\count92
))
\Gin@req@height=\dimen103
\Gin@req@width=\dimen104
)
("C:\Program Files\MiKTeX 2.9\tex\latex\caption\caption.sty"
Package: caption 2013/05/02 v3.3-89 Customizing captions (AR)

("C:\Program Files\MiKTeX 2.9\tex\latex\caption\caption3.sty"
Package: caption3 2013/05/02 v1.6-88 caption3 kernel (AR)
Package caption3 Info: TeX engine: e-TeX on input line 57.
\captionmargin=\dimen105
\captionmargin@=\dimen106
\captionwidth=\dimen107
\caption@tempdima=\dimen108
\caption@indent=\dimen109
\caption@parindent=\dimen110
\caption@hangindent=\dimen111
)
\c@ContinuedFloat=\count93
)
("C:\Program Files\MiKTeX 2.9\tex\generic\genmisc\kbordermatrix.sty"
Package: kbordermatrix 2011/09/21 Bordered matrix with brackets
\kbcolsep=\skip91
\kbrowsep=\skip92
\br@kwd=\skip93
\k@bordht=\skip94
)
("C:\Program Files\MiKTeX 2.9\tex\latex\float\float.sty"
Package: float 2001/11/08 v1.3d Float enhancements (AL)
\c@float@type=\count94
\float@exts=\toks16
\float@box=\box28
\@float@everytoks=\toks17
\@floatcapt=\box29
)
("C:\Program Files\MiKTeX 2.9\tex\latex\endfloat\endfloat.sty"
Package: endfloat 2011/12/25 v2.5d LaTeX2e package puts figures and tables at e
nd (jdm)
\c@postfigure=\count95
\efloat@postfff=\write3
\@ef@fffopen=\count96
\c@posttable=\count97
\efloat@postttt=\write4
\@ef@tttopen=\count98
)
("C:\Program Files\MiKTeX 2.9\tex\latex\natbib\natbib.sty"
Package: natbib 2010/09/13 8.31b (PWD, AO)
\bibhang=\skip95
\bibsep=\skip96
LaTeX Info: Redefining \cite on input line 694.
\c@NAT@ctr=\count99
)
("C:\Program Files\MiKTeX 2.9\tex\generic\babel\babel.sty"
Package: babel 2008/07/08 v3.8m The Babel package

*************************************
* Local config file bblopts.cfg used
*
("C:\Program Files\MiKTeX 2.9\tex\latex\00miktex\bblopts.cfg"
File: bblopts.cfg 2006/07/31 v1.0 MiKTeX 'babel' configuration
)
("C:\Program Files\MiKTeX 2.9\tex\generic\babel\spanish.ldf"
Language: spanish.ldf 2009/01/02 v5.0h Spanish support from the babel system

("C:\Program Files\MiKTeX 2.9\tex\generic\babel\babel.def"
File: babel.def 2008/07/08 v3.8m Babel common definitions
\babel@savecnt=\count100
\U@D=\dimen112
)
\es@datefmt=\count101
\es@quottoks=\toks18
\es@quotdepth=\count102
Package babel Info: Making " an active character on input line 492.
Package babel Info: Making . an active character on input line 585.
Package babel Info: Making < an active character on input line 630.
Package babel Info: Making > an active character on input line 630.
))
("C:\Program Files\MiKTeX 2.9\tex\latex\csquotes\csquotes.sty"
Package: csquotes 2011/10/22 v5.1d context-sensitive quotations

("C:\Program Files\MiKTeX 2.9\tex\latex\etoolbox\etoolbox.sty"
Package: etoolbox 2011/01/03 v2.1 e-TeX tools for LaTeX

("C:\Program Files\MiKTeX 2.9\tex\latex\misc\etex.sty"
Package: etex 1998/03/26 v2.0 eTeX basic definition package (PEB)
\et@xins=\count103
)
\etb@tempcnta=\count104
)
\csq@reset=\count105
\csq@gtype=\count106
\csq@glevel=\count107
\csq@qlevel=\count108
\csq@maxlvl=\count109
\csq@tshold=\count110
\csq@ltx@everypar=\toks19

("C:\Program Files\MiKTeX 2.9\tex\latex\csquotes\csquotes.def"
File: csquotes.def 2011/10/22 v5.1d csquotes generic definitions
)
Package csquotes Info: Trying to load configuration file 'csquotes.cfg'...
Package csquotes Info: ... configuration file loaded successfully.

("C:\Program Files\MiKTeX 2.9\tex\latex\csquotes\csquotes.cfg"
File: csquotes.cfg 
)
Package csquotes Info: Enabling multilingual quotes.
Package csquotes Info: Redefining alias 'english' -> 'english/american'.
)
("C:\Program Files\MiKTeX 2.9\tex\latex\mh\mathtools.sty"
Package: mathtools 2013/02/12 v1.13 mathematical typesetting tools

("C:\Program Files\MiKTeX 2.9\tex\latex\tools\calc.sty"
Package: calc 2007/08/22 v4.3 Infix arithmetic (KKT,FJ)
\calc@Acount=\count111
\calc@Bcount=\count112
\calc@Adimen=\dimen113
\calc@Bdimen=\dimen114
\calc@Askip=\skip97
\calc@Bskip=\skip98
LaTeX Info: Redefining \setlength on input line 76.
LaTeX Info: Redefining \addtolength on input line 77.
\calc@Ccount=\count113
\calc@Cskip=\skip99
)
("C:\Program Files\MiKTeX 2.9\tex\latex\mh\mhsetup.sty"
Package: mhsetup 2010/01/21 v1.2a programming setup (MH)
)
("C:\Program Files\MiKTeX 2.9\tex\latex\amsmath\amsmath.sty"
Package: amsmath 2013/01/14 v2.14 AMS math features
\@mathmargin=\skip100

For additional information on amsmath, use the `?' option.
("C:\Program Files\MiKTeX 2.9\tex\latex\amsmath\amstext.sty"
Package: amstext 2000/06/29 v2.01

("C:\Program Files\MiKTeX 2.9\tex\latex\amsmath\amsgen.sty"
File: amsgen.sty 1999/11/30 v2.0
\@emptytoks=\toks20
\ex@=\dimen115
))
("C:\Program Files\MiKTeX 2.9\tex\latex\amsmath\amsbsy.sty"
Package: amsbsy 1999/11/29 v1.2d
\pmbraise@=\dimen116
)
("C:\Program Files\MiKTeX 2.9\tex\latex\amsmath\amsopn.sty"
Package: amsopn 1999/12/14 v2.01 operator names
)
\inf@bad=\count114
LaTeX Info: Redefining \frac on input line 210.
\uproot@=\count115
\leftroot@=\count116
LaTeX Info: Redefining \overline on input line 306.
\classnum@=\count117
\DOTSCASE@=\count118
LaTeX Info: Redefining \ldots on input line 378.
LaTeX Info: Redefining \dots on input line 381.
LaTeX Info: Redefining \cdots on input line 466.
\Mathstrutbox@=\box30
\strutbox@=\box31
\big@size=\dimen117
LaTeX Font Info:    Redeclaring font encoding OML on input line 566.
LaTeX Font Info:    Redeclaring font encoding OMS on input line 567.
\macc@depth=\count119
\c@MaxMatrixCols=\count120
\dotsspace@=\muskip10
\c@parentequation=\count121
\dspbrk@lvl=\count122
\tag@help=\toks21
\row@=\count123
\column@=\count124
\maxfields@=\count125
\andhelp@=\toks22
\eqnshift@=\dimen118
\alignsep@=\dimen119
\tagshift@=\dimen120
\tagwidth@=\dimen121
\totwidth@=\dimen122
\lineht@=\dimen123
\@envbody=\toks23
\multlinegap=\skip101
\multlinetaggap=\skip102
\mathdisplay@stack=\toks24
LaTeX Info: Redefining \[ on input line 2665.
LaTeX Info: Redefining \] on input line 2666.
)
LaTeX Info: Thecontrolsequence`\['isalreadyrobust on input line 129.
LaTeX Info: Thecontrolsequence`\]'isalreadyrobust on input line 129.
\g_MT_multlinerow_int=\count126
\l_MT_multwidth_dim=\dimen124
\origjot=\skip103
\l_MT_shortvdotswithinadjustabove_dim=\dimen125
\l_MT_shortvdotswithinadjustbelow_dim=\dimen126
\l_MT_above_intertext_sep=\dimen127
\l_MT_below_intertext_sep=\dimen128
\l_MT_above_shortintertext_sep=\dimen129
\l_MT_below_shortintertext_sep=\dimen130
)
Package csquotes Info: Checking for multilingual support...
Package csquotes Info: ... found 'babel' package.

("C:\Users\dalfarob\Documents\My Carrier Development\Master Degree\Tesis I\Prop
osal\main.aux"
("C:\Users\dalfarob\Documents\My Carrier Development\Master Degree\Tesis I\Prop
osal\cover.aux")
("C:\Users\dalfarob\Documents\My Carrier Development\Master Degree\Tesis I\Prop
osal\contents.aux")
("C:\Users\dalfarob\Documents\My Carrier Development\Master Degree\Tesis I\Prop
osal\appa.aux")
("C:\Users\dalfarob\Documents\My Carrier Development\Master Degree\Tesis I\Prop
osal\appb.aux")
("C:\Users\dalfarob\Documents\My Carrier Development\Master Degree\Tesis I\Prop
osal\intro.aux")
("C:\Users\dalfarob\Documents\My Carrier Development\Master Degree\Tesis I\Prop
osal\theory.aux")
("C:\Users\dalfarob\Documents\My Carrier Development\Master Degree\Tesis I\Prop
osal\proposal.aux")
("C:\Users\dalfarob\Documents\My Carrier Development\Master Degree\Tesis I\Prop
osal\objectives.aux")
("C:\Users\dalfarob\Documents\My Carrier Development\Master Degree\Tesis I\Prop
osal\scope.aux")
("C:\Users\dalfarob\Documents\My Carrier Development\Master Degree\Tesis I\Prop
osal\deliverables.aux")
("C:\Users\dalfarob\Documents\My Carrier Development\Master Degree\Tesis I\Prop
osal\method.aux")
("C:\Users\dalfarob\Documents\My Carrier Development\Master Degree\Tesis I\Prop
osal\projectPlan.aux")
("C:\Users\dalfarob\Documents\My Carrier Development\Master Degree\Tesis I\Prop
osal\biblio.aux"

Package natbib Warning: Citation `timewarping' multiply defined.


Package natbib Warning: Citation `elasticrules' multiply defined.

))
LaTeX Font Info:    Checking defaults for OML/cmm/m/it on input line 21.
LaTeX Font Info:    ... okay on input line 21.
LaTeX Font Info:    Checking defaults for T1/cmr/m/n on input line 21.
LaTeX Font Info:    ... okay on input line 21.
LaTeX Font Info:    Checking defaults for OT1/cmr/m/n on input line 21.
LaTeX Font Info:    ... okay on input line 21.
LaTeX Font Info:    Checking defaults for OMS/cmsy/m/n on input line 21.
LaTeX Font Info:    ... okay on input line 21.
LaTeX Font Info:    Checking defaults for OMX/cmex/m/n on input line 21.
LaTeX Font Info:    ... okay on input line 21.
LaTeX Font Info:    Checking defaults for U/cmr/m/n on input line 21.
LaTeX Font Info:    ... okay on input line 21.
 ABD: EverySelectfont initializing macros
LaTeX Info: Redefining \selectfont on input line 21.

("C:\Program Files\MiKTeX 2.9\tex\context\base\supp-pdf.mkii"
[Loading MPS to PDF converter (version 2006.09.02).]
\scratchcounter=\count127
\scratchdimen=\dimen131
\scratchbox=\box32
\nofMPsegments=\count128
\nofMParguments=\count129
\everyMPshowfont=\toks25
\MPscratchCnt=\count130
\MPscratchDim=\dimen132
\MPnumerator=\count131
\makeMPintoPDFobject=\count132
\everyMPtoPDFconversion=\toks26
)
Package caption Info: Begin \AtBeginDocument code.
Package caption Info: float package is loaded.
Package caption Info: End \AtBeginDocument code.
Package csquotes Info: Allocating character " on input line 25.

("C:\Users\dalfarob\Documents\My Carrier Development\Master Degree\Tesis I\Prop
osal\cover.tex"
Overfull \hbox (11.30284pt too wide) in paragraph at lines 10--10
[]\OT1/cmr/m/n/14.4 Propuesta de te-sis so-me-ti-da a con-si-de-ra-cion del De
-par-ta-men-to de Compu-
 []

[1



{C:/ProgramData/MiKTeX/2.9/pdftex/config/pdftex.map}]
("C:\Users\dalfarob\Documents\My Carrier Development\Master Degree\Tesis I\Prop
osal\abstract.tex"
LaTeX Font Info:    Try loading font information for U+lasy on input line 2.
 ("C:\Program Files\MiKTeX 2.9\tex\latex\base\ulasy.fd"
File: ulasy.fd 1998/08/17 v2.2e LaTeX symbol font definitions
))
[2])
("C:\Users\dalfarob\Documents\My Carrier Development\Master Degree\Tesis I\Prop
osal\contents.tex"
("C:\Users\dalfarob\Documents\My Carrier Development\Master Degree\Tesis I\Prop
osal\main.toc"
LaTeX Font Info:    Try loading font information for U+msa on input line 2.
 ("C:\Program Files\MiKTeX 2.9\tex\latex\amsfonts\umsa.fd"
File: umsa.fd 2013/01/14 v3.01 AMS symbols A
)
LaTeX Font Info:    Try loading font information for U+msb on input line 2.

("C:\Program Files\MiKTeX 2.9\tex\latex\amsfonts\umsb.fd"
File: umsb.fd 2013/01/14 v3.01 AMS symbols B
) [3


])
\tf@toc=\write5
) [4]
("C:\Users\dalfarob\Documents\My Carrier Development\Master Degree\Tesis I\Prop
osal\main.lot")
\tf@lot=\write6
 [5

]
("C:\Users\dalfarob\Documents\My Carrier Development\Master Degree\Tesis I\Prop
osal\main.lof")
\tf@lof=\write7
 [6

]
("C:\Users\dalfarob\Documents\My Carrier Development\Master Degree\Tesis I\Prop
osal\appa.tex" (main.ttt))
("C:\Users\dalfarob\Documents\My Carrier Development\Master Degree\Tesis I\Prop
osal\appb.tex" (main.fff))
("C:\Users\dalfarob\Documents\My Carrier Development\Master Degree\Tesis I\Prop
osal\intro.tex"
Underfull \vbox (badness 1546) has occurred while \output is active []

 [7





])
[8]
("C:\Users\dalfarob\Documents\My Carrier Development\Master Degree\Tesis I\Prop
osal\theory.tex" <timeSeries.png, id=33, 515.526pt x 320.99925pt>
File: timeSeries.png Graphic file (type png)

<use timeSeries.png>
Package pdftex.def Info: timeSeries.png used on input line 9.
(pdftex.def)             Requested size: 360.86574pt x 224.69794pt.

Overfull \hbox (7.81073pt too wide) in paragraph at lines 9--15
 [] 
 []


Underfull \vbox (badness 10000) has occurred while \output is active []

 [9


]
Underfull \hbox (badness 10000) in paragraph at lines 19--20

 []


Underfull \vbox (badness 10000) has occurred while \output is active []

 [10 <C:/Users/dalfarob/Documents/My Carrier Development/Master Degree/Tesis I/
Proposal/timeSeries.png>]
Underfull \hbox (badness 10000) in paragraph at lines 39--40

 []

[11] [12] [13] [14] <euclidean.png, id=61, 506.6428pt x 207.02344pt>
File: euclidean.png Graphic file (type png)

<use euclidean.png>
Package pdftex.def Info: euclidean.png used on input line 67.
(pdftex.def)             Requested size: 354.64755pt x 144.9154pt.
 [15 <C:/Users/dalfarob/Documents/My Carrier Development/Master Degree/Tesis I/
Proposal/euclidean.png>]
<spade.png, id=68, 309.5565pt x 134.904pt>
File: spade.png Graphic file (type png)
 <use spade.png>
Package pdftex.def Info: spade.png used on input line 96.
(pdftex.def)             Requested size: 278.59827pt x 121.41248pt.

Underfull \vbox (badness 1968) has occurred while \output is active []

 [16]
Overfull \hbox (10.93488pt too wide) detected at line 116
[]
 []


Underfull \vbox (badness 10000) has occurred while \output is active []

 [17 <C:/Users/dalfarob/Documents/My Carrier Development/Master Degree/Tesis I/
Proposal/spade.png>] [18]
Underfull \hbox (badness 10000) in paragraph at lines 121--122

 []

<dtw.png, id=79, 511.9125pt x 343.2825pt>
File: dtw.png Graphic file (type png)
 <use dtw.png>
Package pdftex.def Info: dtw.png used on input line 127.
(pdftex.def)             Requested size: 358.3363pt x 240.2961pt.
 [19 <C:/Users/dalfarob/Documents/My Carrier Development/Master Degree/Tesis I/
Proposal/dtw.png>]
<dtw2.png, id=86, 497.60907pt x 222.07968pt>
File: dtw2.png Graphic file (type png)
 <use dtw2.png>
Package pdftex.def Info: dtw2.png used on input line 137.
(pdftex.def)             Requested size: 348.32397pt x 155.45471pt.

Underfull \hbox (badness 10000) in paragraph at lines 147--149

 []

[20 <C:/Users/dalfarob/Documents/My Carrier Development/Master Degree/Tesis I/P
roposal/dtw2.png>] <cdtw.png, id=91, 317.988pt x 204.765pt>
File: cdtw.png Graphic file (type png)
 <use cdtw.png>
Package pdftex.def Info: cdtw.png used on input line 172.
(pdftex.def)             Requested size: 254.39073pt x 163.8122pt.

[21 <C:/Users/dalfarob/Documents/My Carrier Development/Master Degree/Tesis I/P
roposal/cdtw.png>] <brainsignal.png, id=96, 554.07pt x 630.10406pt>
File: brainsignal.png Graphic file (type png)

<use brainsignal.png>
Package pdftex.def Info: brainsignal.png used on input line 183.
(pdftex.def)             Requested size: 387.84636pt x 441.06984pt.

Underfull \vbox (badness 10000) has occurred while \output is active []

 [22]
[23 <C:/Users/dalfarob/Documents/My Carrier Development/Master Degree/Tesis I/P
roposal/brainsignal.png>]) [24]
("C:\Users\dalfarob\Documents\My Carrier Development\Master Degree\Tesis I\Prop
osal\proposal.tex" [25


]
Overfull \hbox (1.28244pt too wide) in paragraph at lines 13--13
[]\OT1/cmr/m/n/12 La pre-sen-te pro-pues-ta de in-ves-ti-ga-cion se ba-sa en t
ra-ba-jo de Moham-mad Shokoohi-
 []

[26]
Underfull \hbox (badness 10000) in paragraph at lines 17--18

 []

<antecedent.png, id=114, 425.1885pt x 230.66174pt>
File: antecedent.png Graphic file (type png)
 <use antecedent.png>
Package pdftex.def Info: antecedent.png used on input line 24.
(pdftex.def)             Requested size: 297.62991pt x 161.4621pt.

Underfull \vbox (badness 10000) has occurred while \output is active []

 [27]
<rulebitsaves.png, id=118, 420.97275pt x 418.56375pt>
File: rulebitsaves.png Graphic file (type png)
 <use rulebitsaves.png>
Package pdftex.def Info: rulebitsaves.png used on input line 32.
(pdftex.def)             Requested size: 294.67891pt x 292.99261pt.

Underfull \vbox (badness 10000) has occurred while \output is active []

 [28 <C:/Users/dalfarob/Documents/My Carrier Development/Master Degree/Tesis I/
Proposal/antecedent.png>] [29 <C:/Users/dalfarob/Documents/My Carrier Developme
nt/Master Degree/Tesis I/Proposal/rulebitsaves.png>]
Underfull \vbox (badness 5105) has occurred while \output is active []

 [30]
[31]) [32]
("C:\Users\dalfarob\Documents\My Carrier Development\Master Degree\Tesis I\Prop
osal\objectives.tex"
Overfull \hbox (2.33235pt too wide) in paragraph at lines 9--10
[]\OT1/cmr/m/n/12 Explicar los re-sul-ta-dos ob-te-ni-dos en el ob-je-ti-vo es-
pecfi-co an-te-rior, con el proposi-
 []

) [33


]
("C:\Users\dalfarob\Documents\My Carrier Development\Master Degree\Tesis I\Prop
osal\scope.tex") [34


] [35]
("C:\Users\dalfarob\Documents\My Carrier Development\Master Degree\Tesis I\Prop
osal\deliverables.tex") [36


]
("C:\Users\dalfarob\Documents\My Carrier Development\Master Degree\Tesis I\Prop
osal\method.tex" [37


] [38]
LaTeX Font Info:    Try loading font information for OMS+cmr on input line 25.

("C:\Program Files\MiKTeX 2.9\tex\latex\base\omscmr.fd"
File: omscmr.fd 1999/05/25 v2.5h Standard LaTeX font definitions
)
LaTeX Font Info:    Font shape `OMS/cmr/m/n' in size <12> not available
(Font)              Font shape `OMS/cmsy/m/n' tried instead on input line 25.
 [39]
<factors.png, id=160, 545.78906pt x 187.45032pt>
File: factors.png Graphic file (type png)
 <use factors.png>
Package pdftex.def Info: factors.png used on input line 44.
(pdftex.def)             Requested size: 382.04973pt x 131.21431pt.
 [40 <C:/Users/dalfarob/Documents/My Carrier Development/Master Degree/Tesis I/
Proposal/factors.png>] [41]) [42]
("C:\Users\dalfarob\Documents\My Carrier Development\Master Degree\Tesis I\Prop
osal\projectPlan.tex" <deliverables.png, id=171, 646.21425pt x 294.50024pt>
File: deliverables.png Graphic file (type png)

<use deliverables.png>
Package pdftex.def Info: deliverables.png used on input line 5.
(pdftex.def)             Requested size: 420.03427pt x 191.42288pt.
 <projectPlan.png, id=172, 576.35326pt x 110.814pt>
File: projectPlan.png Graphic file (type png)

<use projectPlan.png>
Package pdftex.def Info: projectPlan.png used on input line 11.
(pdftex.def)             Requested size: 489.90259pt x 94.19232pt.

Overfull \hbox (56.2826pt too wide) in paragraph at lines 11--14
 [] 
 []

) [43


 <C:/Users/dalfarob/Documents/My Carrier Development/Master Degree/Tesis I/Prop
osal/deliverables.png> <C:/Users/dalfarob/Documents/My Carrier Development/Mast
er Degree/Tesis I/Proposal/projectPlan.png>]
("C:\Users\dalfarob\Documents\My Carrier Development\Master Degree\Tesis I\Prop
osal\biblio.tex" [44



]
Missing character: There is no â in font cmr12!
Missing character: There is no € in font cmr12!
Missing character: There is no “ in font cmr12!
Missing character: There is no â in font cmr12!
Missing character: There is no € in font cmr12!
Missing character: There is no “ in font cmr12!
Missing character: There is no â in font cmr12!
Missing character: There is no € in font cmr12!
Missing character: There is no “ in font cmr12!
Missing character: There is no â in font cmr12!
Missing character: There is no € in font cmr12!
Missing character: There is no “ in font cmr12!
Missing character: There is no â in font cmr12!
Missing character: There is no € in font cmr12!
Missing character: There is no “ in font cmr12!
Missing character: There is no â in font cmr12!
Missing character: There is no € in font cmr12!
Missing character: There is no “ in font cmr12!
 [45]
Missing character: There is no â in font cmr12!
Missing character: There is no € in font cmr12!
Missing character: There is no “ in font cmr12!
Missing character: There is no â in font cmr12!
Missing character: There is no € in font cmr12!
Missing character: There is no “ in font cmr12!
Missing character: There is no â in font cmr12!
Missing character: There is no € in font cmr12!
Missing character: There is no “ in font cmr12!
Missing character: There is no â in font cmr12!
Missing character: There is no € in font cmr12!
Missing character: There is no “ in font cmr12!
Missing character: There is no â in font cmr12!
Missing character: There is no € in font cmr12!
Missing character: There is no “ in font cmr12!
 [46] [47]
Missing character: There is no â in font cmr12!
Missing character: There is no € in font cmr12!
Missing character: There is no ™ in font cmr12!
Missing character: There is no â in font cmr12!
Missing character: There is no € in font cmr12!
Missing character: There is no “ in font cmr12!
Missing character: There is no â in font cmr12!
Missing character: There is no € in font cmr12!
Missing character: There is no “ in font cmr12!
) [48]

Package caption Warning: Unused \captionsetup[table] on input line 38.
See the caption package documentation for explanation.


Package caption Warning: Unused \captionsetup[figure] on input line 39.
See the caption package documentation for explanation.

AED endfloat: Processing end Figures and Tables
("C:\Users\dalfarob\Documents\My Carrier Development\Master Degree\Tesis I\Prop
osal\main.lof")
\tf@lof=\write8
 [49



]
("C:\Users\dalfarob\Documents\My Carrier Development\Master Degree\Tesis I\Prop
osal\main.fff"
File: timeSeries.png Graphic file (type png)
 <use timeSeries.png>
Package pdftex.def Info: timeSeries.png used on input line 4.
(pdftex.def)             Requested size: 309.318pt x 192.60103pt.
 [50

]
File: euclidean.png Graphic file (type png)
 <use euclidean.png>
Package pdftex.def Info: euclidean.png used on input line 14.
(pdftex.def)             Requested size: 303.98802pt x 124.21501pt.
 [51

]
File: dtw.png Graphic file (type png)

<use dtw.png>
Package pdftex.def Info: dtw.png used on input line 24.
(pdftex.def)             Requested size: 307.14987pt x 205.97107pt.
 [52

]
File: dtw2.png Graphic file (type png)
 <use dtw2.png>
Package pdftex.def Info: dtw2.png used on input line 34.
(pdftex.def)             Requested size: 298.56773pt x 133.24883pt.
 [53

]
File: spade.png Graphic file (type png)
 <use spade.png>
Package pdftex.def Info: spade.png used on input line 44.
(pdftex.def)             Requested size: 247.64552pt x 107.92334pt.
 [54

]
File: cdtw.png Graphic file (type png)
 <use cdtw.png>
Package pdftex.def Info: cdtw.png used on input line 54.
(pdftex.def)             Requested size: 317.98721pt x 204.76448pt.

[55

]
File: brainsignal.png Graphic file (type png)
 <use brainsignal.png>
Package pdftex.def Info: brainsignal.png used on input line 64.
(pdftex.def)             Requested size: 332.44456pt x 378.06535pt.
 [56

])
("C:\Users\dalfarob\Documents\My Carrier Development\Master Degree\Tesis I\Prop
osal\main.lot")
\tf@lot=\write9
 [57


]
("C:\Users\dalfarob\Documents\My Carrier Development\Master Degree\Tesis I\Prop
osal\main.ttt"
File: antecedent.png Graphic file (type png)
 <use antecedent.png>
Package pdftex.def Info: antecedent.png used on input line 4.
(pdftex.def)             Requested size: 297.62991pt x 161.4621pt.
 [58

]
File: rulebitsaves.png Graphic file (type png)
 <use rulebitsaves.png>
Package pdftex.def Info: rulebitsaves.png used on input line 13.
(pdftex.def)             Requested size: 294.67891pt x 292.99261pt.
 [59

]
File: deliverables.png Graphic file (type png)

<use deliverables.png>
Package pdftex.def Info: deliverables.png used on input line 23.
(pdftex.def)             Requested size: 452.34688pt x 206.14876pt.

Overfull \hbox (18.72688pt too wide) in paragraph at lines 23--23
 [] 
 []

[60

]
File: projectPlan.png Graphic file (type png)
 <use projectPlan.png>
Package pdftex.def Info: projectPlan.png used on input line 32.
(pdftex.def)             Requested size: 357.33533pt x 68.70395pt.
 [61

])

Package natbib Warning: There were multiply defined citations.


("C:\Users\dalfarob\Documents\My Carrier Development\Master Degree\Tesis I\Prop
osal\main.aux"
("C:\Users\dalfarob\Documents\My Carrier Development\Master Degree\Tesis I\Prop
osal\cover.aux")
("C:\Users\dalfarob\Documents\My Carrier Development\Master Degree\Tesis I\Prop
osal\contents.aux")
("C:\Users\dalfarob\Documents\My Carrier Development\Master Degree\Tesis I\Prop
osal\appa.aux")
("C:\Users\dalfarob\Documents\My Carrier Development\Master Degree\Tesis I\Prop
osal\appb.aux")
("C:\Users\dalfarob\Documents\My Carrier Development\Master Degree\Tesis I\Prop
osal\intro.aux")
("C:\Users\dalfarob\Documents\My Carrier Development\Master Degree\Tesis I\Prop
osal\theory.aux")
("C:\Users\dalfarob\Documents\My Carrier Development\Master Degree\Tesis I\Prop
osal\proposal.aux")
("C:\Users\dalfarob\Documents\My Carrier Development\Master Degree\Tesis I\Prop
osal\objectives.aux")
("C:\Users\dalfarob\Documents\My Carrier Development\Master Degree\Tesis I\Prop
osal\scope.aux")
("C:\Users\dalfarob\Documents\My Carrier Development\Master Degree\Tesis I\Prop
osal\deliverables.aux")
("C:\Users\dalfarob\Documents\My Carrier Development\Master Degree\Tesis I\Prop
osal\method.aux")
("C:\Users\dalfarob\Documents\My Carrier Development\Master Degree\Tesis I\Prop
osal\projectPlan.aux")
("C:\Users\dalfarob\Documents\My Carrier Development\Master Degree\Tesis I\Prop
osal\biblio.aux"

Package natbib Warning: Citation(s) may have changed.
(natbib)                Rerun to get citations correct.

)) ) 
Here is how much of TeX's memory you used:
 6531 strings out of 493921
 101762 string characters out of 3147273
 174646 words of memory out of 3000000
 9611 multiletter control sequences out of 15000+200000
 14436 words of font info for 56 fonts, out of 3000000 for 9000
 841 hyphenation exceptions out of 8191
 41i,10n,46p,1421b,676s stack positions out of 5000i,500n,10000p,200000b,50000s
<C:/Program Files/MiKTeX 2.9/fonts/type1/public/amsfonts/cm/cmbx10.pfb><C:/
Program Files/MiKTeX 2.9/fonts/type1/public/amsfonts/cm/cmbx12.pfb><C:/Program 
Files/MiKTeX 2.9/fonts/type1/public/amsfonts/cm/cmbxti10.pfb><C:/Program Files/
MiKTeX 2.9/fonts/type1/public/amsfonts/cm/cmex10.pfb><C:/Program Files/MiKTeX 2
.9/fonts/type1/public/amsfonts/cm/cmmi10.pfb><C:/Program Files/MiKTeX 2.9/fonts
/type1/public/amsfonts/cm/cmmi12.pfb><C:/Program Files/MiKTeX 2.9/fonts/type1/p
ublic/amsfonts/cm/cmmi8.pfb><C:/Program Files/MiKTeX 2.9/fonts/type1/public/ams
fonts/cm/cmr10.pfb><C:/Program Files/MiKTeX 2.9/fonts/type1/public/amsfonts/cm/
cmr12.pfb><C:/Program Files/MiKTeX 2.9/fonts/type1/public/amsfonts/cm/cmr17.pfb
><C:/Program Files/MiKTeX 2.9/fonts/type1/public/amsfonts/cm/cmr6.pfb><C:/Progr
am Files/MiKTeX 2.9/fonts/type1/public/amsfonts/cm/cmr8.pfb><C:/Program Files/M
iKTeX 2.9/fonts/type1/public/amsfonts/cm/cmsy10.pfb><C:/Program Files/MiKTeX 2.
9/fonts/type1/public/amsfonts/cm/cmsy8.pfb><C:/Program Files/MiKTeX 2.9/fonts/t
ype1/public/amsfonts/cm/cmti12.pfb><C:/Program Files/MiKTeX 2.9/fonts/type1/pub
lic/amsfonts/cm/cmti7.pfb><C:/Program Files/MiKTeX 2.9/fonts/type1/public/amsfo
nts/latxfont/lasy10.pfb><C:/Program Files/MiKTeX 2.9/fonts/type1/public/amsfont
s/symbols/msam7.pfb>
Output written on main.pdf (61 pages, 980937 bytes).
PDF statistics:
 295 PDF objects out of 1000 (max. 8388607)
 0 named destinations out of 1000 (max. 500000)
 61 words of extra memory for PDF output out of 10000 (max. 10000000)

